{"/Users/christophermatzen/Desktop/documents/projects/CacheIQL/cacheiql-client/src/main/cacheManagement.ts": {"path":"/Users/christophermatzen/Desktop/documents/projects/CacheIQL/cacheiql-client/src/main/cacheManagement.ts","statementMap":{"0":{"start":{"line":2,"column":0},"end":{"line":2,"column":50}},"1":{"start":{"line":6,"column":28},"end":{"line":18,"column":1}},"2":{"start":{"line":9,"column":2},"end":{"line":17,"column":18}},"3":{"start":{"line":10,"column":18},"end":{"line":10,"column":21}},"4":{"start":{"line":11,"column":4},"end":{"line":16,"column":5}},"5":{"start":{"line":11,"column":17},"end":{"line":11,"column":18}},"6":{"start":{"line":12,"column":6},"end":{"line":15,"column":7}},"7":{"start":{"line":13,"column":8},"end":{"line":13,"column":39}},"8":{"start":{"line":14,"column":8},"end":{"line":14,"column":15}},"9":{"start":{"line":6,"column":13},"end":{"line":6,"column":28}},"10":{"start":{"line":21,"column":35},"end":{"line":53,"column":1}},"11":{"start":{"line":26,"column":2},"end":{"line":28,"column":3}},"12":{"start":{"line":27,"column":4},"end":{"line":27,"column":27}},"13":{"start":{"line":29,"column":22},"end":{"line":29,"column":27}},"14":{"start":{"line":32,"column":14},"end":{"line":32,"column":49}},"15":{"start":{"line":35,"column":15},"end":{"line":35,"column":48}},"16":{"start":{"line":37,"column":2},"end":{"line":52,"column":3}},"17":{"start":{"line":38,"column":4},"end":{"line":38,"column":16}},"18":{"start":{"line":42,"column":7},"end":{"line":52,"column":3}},"19":{"start":{"line":45,"column":4},"end":{"line":45,"column":64}},"20":{"start":{"line":46,"column":4},"end":{"line":46,"column":16}},"21":{"start":{"line":51,"column":4},"end":{"line":51,"column":17}},"22":{"start":{"line":21,"column":13},"end":{"line":21,"column":35}}},"fnMap":{"0":{"name":"(anonymous_0)","decl":{"start":{"line":6,"column":28},"end":{"line":6,"column":29}},"loc":{"start":{"line":6,"column":73},"end":{"line":18,"column":1}}},"1":{"name":"(anonymous_1)","decl":{"start":{"line":9,"column":13},"end":{"line":9,"column":16}},"loc":{"start":{"line":9,"column":18},"end":{"line":17,"column":3}}},"2":{"name":"(anonymous_2)","decl":{"start":{"line":21,"column":35},"end":{"line":21,"column":null}},"loc":{"start":{"line":25,"column":38},"end":{"line":53,"column":1}}}},"branchMap":{"0":{"loc":{"start":{"line":6,"column":52},"end":{"line":6,"column":69}},"type":"default-arg","locations":[{"start":{"line":6,"column":67},"end":{"line":6,"column":69}}]},"1":{"loc":{"start":{"line":12,"column":6},"end":{"line":15,"column":7}},"type":"if","locations":[{"start":{"line":12,"column":6},"end":{"line":15,"column":7}},{"start":{},"end":{}}]},"2":{"loc":{"start":{"line":26,"column":2},"end":{"line":28,"column":3}},"type":"if","locations":[{"start":{"line":26,"column":2},"end":{"line":28,"column":3}},{"start":{},"end":{}}]},"3":{"loc":{"start":{"line":37,"column":2},"end":{"line":52,"column":3}},"type":"if","locations":[{"start":{"line":37,"column":2},"end":{"line":52,"column":3}},{"start":{"line":42,"column":7},"end":{"line":52,"column":3}}]},"4":{"loc":{"start":{"line":42,"column":7},"end":{"line":52,"column":3}},"type":"if","locations":[{"start":{"line":42,"column":7},"end":{"line":52,"column":3}},{"start":{"line":50,"column":7},"end":{"line":52,"column":3}}]},"5":{"loc":{"start":{"line":42,"column":11},"end":{"line":42,"column":28}},"type":"binary-expr","locations":[{"start":{"line":42,"column":11},"end":{"line":42,"column":16}},{"start":{"line":42,"column":20},"end":{"line":42,"column":28}}]}},"s":{"0":1,"1":1,"2":4,"3":2,"4":2,"5":2,"6":3,"7":2,"8":2,"9":1,"10":1,"11":4,"12":1,"13":3,"14":3,"15":3,"16":3,"17":1,"18":2,"19":1,"20":1,"21":1,"22":1},"f":{"0":4,"1":2,"2":4},"b":{"0":[0],"1":[2,1],"2":[1,3],"3":[1,2],"4":[1,1],"5":[2,2]}}
,"/Users/christophermatzen/Desktop/documents/projects/CacheIQL/cacheiql-client/src/main/errorhandling.ts": {"path":"/Users/christophermatzen/Desktop/documents/projects/CacheIQL/cacheiql-client/src/main/errorhandling.ts","statementMap":{"0":{"start":{"line":4,"column":33},"end":{"line":10,"column":3}},"1":{"start":{"line":5,"column":4},"end":{"line":9,"column":6}},"2":{"start":{"line":4,"column":13},"end":{"line":4,"column":33}}},"fnMap":{"0":{"name":"(anonymous_0)","decl":{"start":{"line":4,"column":33},"end":{"line":4,"column":34}},"loc":{"start":{"line":4,"column":70},"end":{"line":10,"column":3}}}},"branchMap":{},"s":{"0":1,"1":8,"2":1},"f":{"0":8},"b":{}}
,"/Users/christophermatzen/Desktop/documents/projects/CacheIQL/cacheiql-client/src/main/export.ts": {"path":"/Users/christophermatzen/Desktop/documents/projects/CacheIQL/cacheiql-client/src/main/export.ts","statementMap":{"0":{"start":{"line":2,"column":0},"end":{"line":2,"column":52}},"1":{"start":{"line":3,"column":0},"end":{"line":3,"column":70}},"2":{"start":{"line":4,"column":0},"end":{"line":4,"column":44}},"3":{"start":{"line":5,"column":0},"end":{"line":5,"column":50}},"4":{"start":{"line":8,"column":25},"end":{"line":133,"column":1}},"5":{"start":{"line":14,"column":2},"end":{"line":71,"column":3}},"6":{"start":{"line":15,"column":4},"end":{"line":21,"column":5}},"7":{"start":{"line":16,"column":6},"end":{"line":20,"column":8}},"8":{"start":{"line":24,"column":4},"end":{"line":70,"column":5}},"9":{"start":{"line":25,"column":6},"end":{"line":69,"column":7}},"10":{"start":{"line":26,"column":34},"end":{"line":26,"column":54}},"11":{"start":{"line":28,"column":8},"end":{"line":61,"column":9}},"12":{"start":{"line":29,"column":44},"end":{"line":48,"column":14}},"13":{"start":{"line":37,"column":27},"end":{"line":37,"column":37}},"14":{"start":{"line":40,"column":14},"end":{"line":43,"column":15}},"15":{"start":{"line":41,"column":16},"end":{"line":41,"column":46}},"16":{"start":{"line":42,"column":16},"end":{"line":42,"column":23}},"17":{"start":{"line":45,"column":14},"end":{"line":45,"column":51}},"18":{"start":{"line":46,"column":14},"end":{"line":46,"column":44}},"19":{"start":{"line":47,"column":14},"end":{"line":47,"column":26}},"20":{"start":{"line":49,"column":10},"end":{"line":49,"column":26}},"21":{"start":{"line":53,"column":10},"end":{"line":58,"column":11}},"22":{"start":{"line":54,"column":12},"end":{"line":56,"column":14}},"23":{"start":{"line":57,"column":12},"end":{"line":57,"column":19}},"24":{"start":{"line":59,"column":35},"end":{"line":59,"column":79}},"25":{"start":{"line":60,"column":10},"end":{"line":60,"column":26}},"26":{"start":{"line":63,"column":8},"end":{"line":68,"column":9}},"27":{"start":{"line":64,"column":10},"end":{"line":66,"column":12}},"28":{"start":{"line":67,"column":10},"end":{"line":67,"column":48}},"29":{"start":{"line":73,"column":2},"end":{"line":132,"column":3}},"30":{"start":{"line":74,"column":4},"end":{"line":80,"column":5}},"31":{"start":{"line":75,"column":6},"end":{"line":79,"column":8}},"32":{"start":{"line":82,"column":4},"end":{"line":131,"column":5}},"33":{"start":{"line":83,"column":6},"end":{"line":130,"column":7}},"34":{"start":{"line":85,"column":8},"end":{"line":122,"column":9}},"35":{"start":{"line":86,"column":44},"end":{"line":105,"column":14}},"36":{"start":{"line":94,"column":27},"end":{"line":94,"column":37}},"37":{"start":{"line":97,"column":14},"end":{"line":100,"column":15}},"38":{"start":{"line":98,"column":16},"end":{"line":98,"column":46}},"39":{"start":{"line":99,"column":16},"end":{"line":99,"column":23}},"40":{"start":{"line":101,"column":14},"end":{"line":101,"column":32}},"41":{"start":{"line":102,"column":14},"end":{"line":102,"column":63}},"42":{"start":{"line":103,"column":14},"end":{"line":103,"column":43}},"43":{"start":{"line":104,"column":14},"end":{"line":104,"column":26}},"44":{"start":{"line":106,"column":10},"end":{"line":106,"column":26}},"45":{"start":{"line":109,"column":33},"end":{"line":109,"column":41}},"46":{"start":{"line":112,"column":10},"end":{"line":117,"column":11}},"47":{"start":{"line":113,"column":12},"end":{"line":115,"column":14}},"48":{"start":{"line":116,"column":12},"end":{"line":116,"column":19}},"49":{"start":{"line":118,"column":35},"end":{"line":119,"column":null}},"50":{"start":{"line":121,"column":10},"end":{"line":121,"column":26}},"51":{"start":{"line":124,"column":8},"end":{"line":129,"column":9}},"52":{"start":{"line":125,"column":10},"end":{"line":127,"column":12}},"53":{"start":{"line":128,"column":10},"end":{"line":128,"column":48}},"54":{"start":{"line":8,"column":13},"end":{"line":8,"column":25}}},"fnMap":{"0":{"name":"(anonymous_0)","decl":{"start":{"line":8,"column":25},"end":{"line":8,"column":30}},"loc":{"start":{"line":13,"column":67},"end":{"line":133,"column":1}}},"1":{"name":"(anonymous_1)","decl":{"start":{"line":37,"column":18},"end":{"line":37,"column":19}},"loc":{"start":{"line":37,"column":27},"end":{"line":37,"column":37}}},"2":{"name":"(anonymous_2)","decl":{"start":{"line":38,"column":18},"end":{"line":38,"column":19}},"loc":{"start":{"line":38,"column":27},"end":{"line":48,"column":13}}},"3":{"name":"(anonymous_3)","decl":{"start":{"line":94,"column":18},"end":{"line":94,"column":19}},"loc":{"start":{"line":94,"column":27},"end":{"line":94,"column":37}}},"4":{"name":"(anonymous_4)","decl":{"start":{"line":95,"column":18},"end":{"line":95,"column":19}},"loc":{"start":{"line":95,"column":27},"end":{"line":105,"column":13}}}},"branchMap":{"0":{"loc":{"start":{"line":14,"column":2},"end":{"line":71,"column":3}},"type":"if","locations":[{"start":{"line":14,"column":2},"end":{"line":71,"column":3}},{"start":{},"end":{}}]},"1":{"loc":{"start":{"line":15,"column":4},"end":{"line":21,"column":5}},"type":"if","locations":[{"start":{"line":15,"column":4},"end":{"line":21,"column":5}},{"start":{},"end":{}}]},"2":{"loc":{"start":{"line":24,"column":4},"end":{"line":70,"column":5}},"type":"if","locations":[{"start":{"line":24,"column":4},"end":{"line":70,"column":5}},{"start":{},"end":{}}]},"3":{"loc":{"start":{"line":28,"column":8},"end":{"line":61,"column":9}},"type":"if","locations":[{"start":{"line":28,"column":8},"end":{"line":61,"column":9}},{"start":{"line":50,"column":15},"end":{"line":61,"column":9}}]},"4":{"loc":{"start":{"line":28,"column":12},"end":{"line":28,"column":72}},"type":"binary-expr","locations":[{"start":{"line":28,"column":12},"end":{"line":28,"column":43}},{"start":{"line":28,"column":47},"end":{"line":28,"column":72}}]},"5":{"loc":{"start":{"line":40,"column":14},"end":{"line":43,"column":15}},"type":"if","locations":[{"start":{"line":40,"column":14},"end":{"line":43,"column":15}},{"start":{},"end":{}}]},"6":{"loc":{"start":{"line":53,"column":10},"end":{"line":58,"column":11}},"type":"if","locations":[{"start":{"line":53,"column":10},"end":{"line":58,"column":11}},{"start":{},"end":{}}]},"7":{"loc":{"start":{"line":63,"column":8},"end":{"line":68,"column":9}},"type":"if","locations":[{"start":{"line":63,"column":8},"end":{"line":68,"column":9}},{"start":{},"end":{}}]},"8":{"loc":{"start":{"line":73,"column":2},"end":{"line":132,"column":3}},"type":"if","locations":[{"start":{"line":73,"column":2},"end":{"line":132,"column":3}},{"start":{},"end":{}}]},"9":{"loc":{"start":{"line":74,"column":4},"end":{"line":80,"column":5}},"type":"if","locations":[{"start":{"line":74,"column":4},"end":{"line":80,"column":5}},{"start":{},"end":{}}]},"10":{"loc":{"start":{"line":82,"column":4},"end":{"line":131,"column":5}},"type":"if","locations":[{"start":{"line":82,"column":4},"end":{"line":131,"column":5}},{"start":{},"end":{}}]},"11":{"loc":{"start":{"line":85,"column":8},"end":{"line":122,"column":9}},"type":"if","locations":[{"start":{"line":85,"column":8},"end":{"line":122,"column":9}},{"start":{"line":107,"column":15},"end":{"line":122,"column":9}}]},"12":{"loc":{"start":{"line":85,"column":12},"end":{"line":85,"column":74}},"type":"binary-expr","locations":[{"start":{"line":85,"column":12},"end":{"line":85,"column":42}},{"start":{"line":85,"column":46},"end":{"line":85,"column":74}}]},"13":{"loc":{"start":{"line":97,"column":14},"end":{"line":100,"column":15}},"type":"if","locations":[{"start":{"line":97,"column":14},"end":{"line":100,"column":15}},{"start":{},"end":{}}]},"14":{"loc":{"start":{"line":112,"column":10},"end":{"line":117,"column":11}},"type":"if","locations":[{"start":{"line":112,"column":10},"end":{"line":117,"column":11}},{"start":{},"end":{}}]},"15":{"loc":{"start":{"line":124,"column":8},"end":{"line":129,"column":9}},"type":"if","locations":[{"start":{"line":124,"column":8},"end":{"line":129,"column":9}},{"start":{},"end":{}}]}},"s":{"0":1,"1":1,"2":1,"3":1,"4":1,"5":9,"6":5,"7":1,"8":5,"9":5,"10":5,"11":5,"12":3,"13":2,"14":2,"15":1,"16":1,"17":1,"18":1,"19":1,"20":2,"21":2,"22":0,"23":0,"24":1,"25":1,"26":2,"27":2,"28":2,"29":4,"30":4,"31":1,"32":4,"33":4,"34":4,"35":2,"36":2,"37":2,"38":1,"39":1,"40":1,"41":1,"42":1,"43":1,"44":2,"45":2,"46":2,"47":0,"48":0,"49":1,"50":1,"51":1,"52":1,"53":1,"54":1},"f":{"0":9,"1":2,"2":2,"3":2,"4":2},"b":{"0":[5,4],"1":[1,4],"2":[5,0],"3":[3,2],"4":[5,3],"5":[1,1],"6":[0,1],"7":[2,0],"8":[4,0],"9":[1,3],"10":[4,0],"11":[2,2],"12":[4,2],"13":[1,1],"14":[0,1],"15":[1,0]}}
,"/Users/christophermatzen/Desktop/documents/projects/CacheIQL/cacheiql-client/src/main/generatekey.ts": {"path":"/Users/christophermatzen/Desktop/documents/projects/CacheIQL/cacheiql-client/src/main/generatekey.ts","statementMap":{"0":{"start":{"line":6,"column":27},"end":{"line":9,"column":3}},"1":{"start":{"line":8,"column":4},"end":{"line":8,"column":51}},"2":{"start":{"line":6,"column":13},"end":{"line":6,"column":27}}},"fnMap":{"0":{"name":"(anonymous_0)","decl":{"start":{"line":6,"column":27},"end":{"line":6,"column":28}},"loc":{"start":{"line":6,"column":72},"end":{"line":9,"column":3}}}},"branchMap":{},"s":{"0":1,"1":3,"2":1},"f":{"0":3},"b":{}}
,"/Users/christophermatzen/Desktop/documents/projects/CacheIQL/cacheiql-client/src/main/index.ts": {"path":"/Users/christophermatzen/Desktop/documents/projects/CacheIQL/cacheiql-client/src/main/index.ts","statementMap":{"0":{"start":{"line":2,"column":0},"end":{"line":2,"column":37}},"1":{"start":{"line":5,"column":23},"end":{"line":12,"column":1}},"2":{"start":{"line":11,"column":2},"end":{"line":11,"column":54}},"3":{"start":{"line":5,"column":13},"end":{"line":5,"column":23}}},"fnMap":{"0":{"name":"(anonymous_0)","decl":{"start":{"line":5,"column":23},"end":{"line":5,"column":24}},"loc":{"start":{"line":10,"column":24},"end":{"line":12,"column":1}}}},"branchMap":{},"s":{"0":1,"1":1,"2":1,"3":1},"f":{"0":1},"b":{}}
,"/Users/christophermatzen/Desktop/documents/projects/CacheIQL/cacheiql-client/src/main/mutationHandler.ts": {"path":"/Users/christophermatzen/Desktop/documents/projects/CacheIQL/cacheiql-client/src/main/mutationHandler.ts","statementMap":{"0":{"start":{"line":1,"column":0},"end":{"line":1,"column":30}},"1":{"start":{"line":3,"column":0},"end":{"line":3,"column":32}},"2":{"start":{"line":5,"column":0},"end":{"line":5,"column":52}},"3":{"start":{"line":8,"column":23},"end":{"line":89,"column":1}},"4":{"start":{"line":12,"column":48},"end":{"line":12,"column":50}},"5":{"start":{"line":13,"column":42},"end":{"line":13,"column":44}},"6":{"start":{"line":15,"column":29},"end":{"line":45,"column":6}},"7":{"start":{"line":42,"column":19},"end":{"line":42,"column":29}},"8":{"start":{"line":44,"column":6},"end":{"line":44,"column":61}},"9":{"start":{"line":48,"column":26},"end":{"line":77,"column":6}},"10":{"start":{"line":74,"column":19},"end":{"line":74,"column":29}},"11":{"start":{"line":76,"column":6},"end":{"line":76,"column":55}},"12":{"start":{"line":78,"column":2},"end":{"line":78,"column":41}},"13":{"start":{"line":79,"column":2},"end":{"line":88,"column":3}},"14":{"start":{"line":79,"column":15},"end":{"line":79,"column":16}},"15":{"start":{"line":80,"column":4},"end":{"line":87,"column":5}},"16":{"start":{"line":80,"column":17},"end":{"line":80,"column":18}},"17":{"start":{"line":81,"column":6},"end":{"line":86,"column":7}},"18":{"start":{"line":82,"column":8},"end":{"line":82,"column":71}},"19":{"start":{"line":83,"column":8},"end":{"line":83,"column":35}},"20":{"start":{"line":84,"column":8},"end":{"line":84,"column":52}},"21":{"start":{"line":85,"column":8},"end":{"line":85,"column":59}},"22":{"start":{"line":8,"column":13},"end":{"line":8,"column":23}},"23":{"start":{"line":91,"column":29},"end":{"line":129,"column":1}},"24":{"start":{"line":93,"column":2},"end":{"line":128,"column":3}},"25":{"start":{"line":95,"column":38},"end":{"line":97,"column":6}},"26":{"start":{"line":101,"column":35},"end":{"line":101,"column":39}},"27":{"start":{"line":104,"column":4},"end":{"line":120,"column":7}},"28":{"start":{"line":110,"column":31},"end":{"line":110,"column":62}},"29":{"start":{"line":112,"column":8},"end":{"line":115,"column":9}},"30":{"start":{"line":114,"column":10},"end":{"line":114,"column":48}},"31":{"start":{"line":121,"column":4},"end":{"line":121,"column":21}},"32":{"start":{"line":123,"column":4},"end":{"line":126,"column":5}},"33":{"start":{"line":124,"column":6},"end":{"line":124,"column":79}},"34":{"start":{"line":125,"column":6},"end":{"line":125,"column":44}},"35":{"start":{"line":127,"column":4},"end":{"line":127,"column":16}},"36":{"start":{"line":91,"column":13},"end":{"line":91,"column":29}}},"fnMap":{"0":{"name":"(anonymous_1)","decl":{"start":{"line":8,"column":23},"end":{"line":8,"column":28}},"loc":{"start":{"line":11,"column":44},"end":{"line":89,"column":1}}},"1":{"name":"(anonymous_2)","decl":{"start":{"line":42,"column":10},"end":{"line":42,"column":11}},"loc":{"start":{"line":42,"column":19},"end":{"line":42,"column":29}}},"2":{"name":"(anonymous_3)","decl":{"start":{"line":43,"column":10},"end":{"line":43,"column":11}},"loc":{"start":{"line":43,"column":19},"end":{"line":45,"column":5}}},"3":{"name":"(anonymous_4)","decl":{"start":{"line":74,"column":10},"end":{"line":74,"column":11}},"loc":{"start":{"line":74,"column":19},"end":{"line":74,"column":29}}},"4":{"name":"(anonymous_5)","decl":{"start":{"line":75,"column":10},"end":{"line":75,"column":11}},"loc":{"start":{"line":75,"column":19},"end":{"line":77,"column":5}}},"5":{"name":"(anonymous_6)","decl":{"start":{"line":91,"column":29},"end":{"line":91,"column":30}},"loc":{"start":{"line":91,"column":53},"end":{"line":129,"column":1}}},"6":{"name":"(anonymous_7)","decl":{"start":{"line":107,"column":6},"end":{"line":107,"column":25}},"loc":{"start":{"line":107,"column":30},"end":{"line":119,"column":7}}}},"branchMap":{"0":{"loc":{"start":{"line":81,"column":6},"end":{"line":86,"column":7}},"type":"if","locations":[{"start":{"line":81,"column":6},"end":{"line":86,"column":7}},{"start":{},"end":{}}]},"1":{"loc":{"start":{"line":112,"column":8},"end":{"line":115,"column":9}},"type":"if","locations":[{"start":{"line":112,"column":8},"end":{"line":115,"column":9}},{"start":{},"end":{}}]},"2":{"loc":{"start":{"line":112,"column":12},"end":{"line":112,"column":61}},"type":"binary-expr","locations":[{"start":{"line":112,"column":12},"end":{"line":112,"column":26}},{"start":{"line":112,"column":30},"end":{"line":112,"column":61}}]},"3":{"loc":{"start":{"line":123,"column":4},"end":{"line":126,"column":5}},"type":"if","locations":[{"start":{"line":123,"column":4},"end":{"line":126,"column":5}},{"start":{},"end":{}}]}},"s":{"0":1,"1":1,"2":1,"3":1,"4":3,"5":3,"6":3,"7":3,"8":3,"9":3,"10":3,"11":3,"12":3,"13":3,"14":3,"15":3,"16":3,"17":3,"18":2,"19":2,"20":2,"21":2,"22":1,"23":1,"24":7,"25":7,"26":4,"27":4,"28":4,"29":4,"30":4,"31":4,"32":3,"33":3,"34":3,"35":0,"36":1},"f":{"0":3,"1":3,"2":3,"3":3,"4":3,"5":7,"6":4},"b":{"0":[2,1],"1":[4,0],"2":[4,4],"3":[3,0]}}
}
