TN:
SF:src/main/cacheManagement.ts
FN:6,(anonymous_0)
FN:9,(anonymous_1)
FN:21,(anonymous_2)
FNF:3
FNH:3
FNDA:4,(anonymous_0)
FNDA:2,(anonymous_1)
FNDA:4,(anonymous_2)
DA:2,1
DA:6,1
DA:9,4
DA:10,2
DA:11,2
DA:12,3
DA:13,2
DA:14,2
DA:21,1
DA:26,4
DA:27,1
DA:29,3
DA:32,3
DA:35,3
DA:37,3
DA:38,1
DA:42,2
DA:45,1
DA:46,1
DA:51,1
LF:20
LH:20
BRDA:6,0,0,0
BRDA:12,1,0,2
BRDA:12,1,1,1
BRDA:26,2,0,1
BRDA:26,2,1,3
BRDA:37,3,0,1
BRDA:37,3,1,2
BRDA:42,4,0,1
BRDA:42,4,1,1
BRDA:42,5,0,2
BRDA:42,5,1,2
BRF:11
BRH:10
end_of_record
TN:
SF:src/main/errorhandling.ts
FN:4,(anonymous_0)
FNF:1
FNH:1
FNDA:8,(anonymous_0)
DA:4,1
DA:5,8
LF:2
LH:2
BRF:0
BRH:0
end_of_record
TN:
SF:src/main/export.ts
FN:8,(anonymous_0)
FN:37,(anonymous_1)
FN:38,(anonymous_2)
FN:94,(anonymous_3)
FN:95,(anonymous_4)
FNF:5
FNH:5
FNDA:9,(anonymous_0)
FNDA:2,(anonymous_1)
FNDA:2,(anonymous_2)
FNDA:2,(anonymous_3)
FNDA:2,(anonymous_4)
DA:2,1
DA:3,1
DA:4,1
DA:5,1
DA:8,1
DA:14,9
DA:15,5
DA:16,1
DA:24,5
DA:25,5
DA:26,5
DA:28,5
DA:29,3
DA:37,2
DA:40,2
DA:41,1
DA:42,1
DA:45,1
DA:46,1
DA:47,1
DA:49,2
DA:53,2
DA:54,0
DA:57,0
DA:59,1
DA:60,1
DA:63,2
DA:64,2
DA:67,2
DA:73,4
DA:74,4
DA:75,1
DA:82,4
DA:83,4
DA:85,4
DA:86,2
DA:94,2
DA:97,2
DA:98,1
DA:99,1
DA:101,1
DA:102,1
DA:103,1
DA:104,1
DA:106,2
DA:109,2
DA:112,2
DA:113,0
DA:116,0
DA:118,1
DA:121,1
DA:124,1
DA:125,1
DA:128,1
LF:54
LH:50
BRDA:14,0,0,5
BRDA:14,0,1,4
BRDA:15,1,0,1
BRDA:15,1,1,4
BRDA:24,2,0,5
BRDA:24,2,1,0
BRDA:28,3,0,3
BRDA:28,3,1,2
BRDA:28,4,0,5
BRDA:28,4,1,3
BRDA:40,5,0,1
BRDA:40,5,1,1
BRDA:53,6,0,0
BRDA:53,6,1,1
BRDA:63,7,0,2
BRDA:63,7,1,0
BRDA:73,8,0,4
BRDA:73,8,1,0
BRDA:74,9,0,1
BRDA:74,9,1,3
BRDA:82,10,0,4
BRDA:82,10,1,0
BRDA:85,11,0,2
BRDA:85,11,1,2
BRDA:85,12,0,4
BRDA:85,12,1,2
BRDA:97,13,0,1
BRDA:97,13,1,1
BRDA:112,14,0,0
BRDA:112,14,1,1
BRDA:124,15,0,1
BRDA:124,15,1,0
BRF:32
BRH:25
end_of_record
TN:
SF:src/main/generatekey.ts
FN:6,(anonymous_0)
FNF:1
FNH:1
FNDA:3,(anonymous_0)
DA:6,1
DA:8,3
LF:2
LH:2
BRF:0
BRH:0
end_of_record
TN:
SF:src/main/index.ts
FN:5,(anonymous_0)
FNF:1
FNH:1
FNDA:1,(anonymous_0)
DA:2,1
DA:5,1
DA:11,1
LF:3
LH:3
BRF:0
BRH:0
end_of_record
TN:
SF:src/main/mutationHandler.ts
FN:8,(anonymous_1)
FN:42,(anonymous_2)
FN:43,(anonymous_3)
FN:74,(anonymous_4)
FN:75,(anonymous_5)
FN:91,(anonymous_6)
FN:107,(anonymous_7)
FNF:7
FNH:7
FNDA:3,(anonymous_1)
FNDA:3,(anonymous_2)
FNDA:3,(anonymous_3)
FNDA:3,(anonymous_4)
FNDA:3,(anonymous_5)
FNDA:7,(anonymous_6)
FNDA:4,(anonymous_7)
DA:1,1
DA:3,1
DA:5,1
DA:8,1
DA:12,3
DA:13,3
DA:15,3
DA:42,3
DA:44,3
DA:48,3
DA:74,3
DA:76,3
DA:78,3
DA:79,3
DA:80,3
DA:81,3
DA:82,2
DA:83,2
DA:84,2
DA:85,2
DA:91,1
DA:93,7
DA:95,7
DA:101,4
DA:104,4
DA:110,4
DA:112,4
DA:114,4
DA:121,4
DA:123,3
DA:124,3
DA:125,3
DA:127,0
LF:33
LH:32
BRDA:81,0,0,2
BRDA:81,0,1,1
BRDA:112,1,0,4
BRDA:112,1,1,0
BRDA:112,2,0,4
BRDA:112,2,1,4
BRDA:123,3,0,3
BRDA:123,3,1,0
BRF:8
BRH:6
end_of_record
